  Commands.c
c:\users\joaos\desktop\i\est\4ºano\2ºsemestre\atad\projetoatad\projetoatad_1819\projetoatad_1819\commands.c(78): warning C4018: '<': signed/unsigned mismatch
c:\users\joaos\desktop\i\est\4ºano\2ºsemestre\atad\projetoatad\projetoatad_1819\projetoatad_1819\commands.c(120): warning C4244: 'initializing': conversion from 'double' to 'float', possible loss of data
c:\users\joaos\desktop\i\est\4ºano\2ºsemestre\atad\projetoatad\projetoatad_1819\projetoatad_1819\commands.c(121): warning C4244: 'initializing': conversion from 'double' to 'float', possible loss of data
c:\users\joaos\desktop\i\est\4ºano\2ºsemestre\atad\projetoatad\projetoatad_1819\projetoatad_1819\commands.c(122): warning C4244: 'initializing': conversion from 'double' to 'float', possible loss of data
c:\users\joaos\desktop\i\est\4ºano\2ºsemestre\atad\projetoatad\projetoatad_1819\projetoatad_1819\commands.c(123): warning C4244: 'initializing': conversion from 'double' to 'float', possible loss of data
c:\users\joaos\desktop\i\est\4ºano\2ºsemestre\atad\projetoatad\projetoatad_1819\projetoatad_1819\commands.c(129): warning C4101: 'aux': unreferenced local variable
c:\users\joaos\desktop\i\est\4ºano\2ºsemestre\atad\projetoatad\projetoatad_1819\projetoatad_1819\commands.c(204): warning C4013: 'sortByDate' undefined; assuming extern returning int
c:\users\joaos\desktop\i\est\4ºano\2ºsemestre\atad\projetoatad\projetoatad_1819\projetoatad_1819\commands.c(208): warning C4013: 'sortByHospital' undefined; assuming extern returning int
c:\users\joaos\desktop\i\est\4ºano\2ºsemestre\atad\projetoatad\projetoatad_1819\projetoatad_1819\commands.c(212): warning C4013: 'sortByDistrict' undefined; assuming extern returning int
c:\users\joaos\desktop\i\est\4ºano\2ºsemestre\atad\projetoatad\projetoatad_1819\projetoatad_1819\commands.c(227): warning C4013: 'averageClinicalData' undefined; assuming extern returning int
c:\users\joaos\desktop\i\est\4ºano\2ºsemestre\atad\projetoatad\projetoatad_1819\projetoatad_1819\commands.c(227): warning C4047: 'initializing': 'PtList' differs in levels of indirection from 'int'
c:\users\joaos\desktop\i\est\4ºano\2ºsemestre\atad\projetoatad\projetoatad_1819\projetoatad_1819\commands.c(239): warning C4013: 'sumVals' undefined; assuming extern returning int
c:\users\joaos\desktop\i\est\4ºano\2ºsemestre\atad\projetoatad\projetoatad_1819\projetoatad_1819\commands.c(240): warning C4013: 'avgVals' undefined; assuming extern returning int
c:\users\joaos\desktop\i\est\4ºano\2ºsemestre\atad\projetoatad\projetoatad_1819\projetoatad_1819\commands.c(304): warning C4013: 'copyList' undefined; assuming extern returning int
c:\users\joaos\desktop\i\est\4ºano\2ºsemestre\atad\projetoatad\projetoatad_1819\projetoatad_1819\commands.c(305): warning C4013: 'normalizeK' undefined; assuming extern returning int
c:\users\joaos\desktop\i\est\4ºano\2ºsemestre\atad\projetoatad\projetoatad_1819\projetoatad_1819\commands.c(306): warning C4013: 'normalizeStatistics' undefined; assuming extern returning int
c:\users\joaos\desktop\i\est\4ºano\2ºsemestre\atad\projetoatad\projetoatad_1819\projetoatad_1819\commands.c(304): warning C4047: 'initializing': 'PtList' differs in levels of indirection from 'int'
c:\users\joaos\desktop\i\est\4ºano\2ºsemestre\atad\projetoatad\projetoatad_1819\projetoatad_1819\commands.c(306): warning C4047: 'initializing': 'PtList' differs in levels of indirection from 'int'
c:\users\joaos\desktop\i\est\4ºano\2ºsemestre\atad\projetoatad\projetoatad_1819\projetoatad_1819\commands.c(337): warning C4013: 'Queue' undefined; assuming extern returning int
c:\users\joaos\desktop\i\est\4ºano\2ºsemestre\atad\projetoatad\projetoatad_1819\projetoatad_1819\commands.c(338): warning C4013: 'commandQueue' undefined; assuming extern returning int
c:\users\joaos\desktop\i\est\4ºano\2ºsemestre\atad\projetoatad\projetoatad_1819\projetoatad_1819\commands.c(333): warning C4047: 'initializing': 'PtList' differs in levels of indirection from 'int'
c:\users\joaos\desktop\i\est\4ºano\2ºsemestre\atad\projetoatad\projetoatad_1819\projetoatad_1819\commands.c(404): warning C4018: '<': signed/unsigned mismatch
c:\users\joaos\desktop\i\est\4ºano\2ºsemestre\atad\projetoatad\projetoatad_1819\projetoatad_1819\commands.c(453): warning C4018: '<': signed/unsigned mismatch
c:\users\joaos\desktop\i\est\4ºano\2ºsemestre\atad\projetoatad\projetoatad_1819\projetoatad_1819\commands.c(441): warning C4244: 'initializing': conversion from 'double' to 'float', possible loss of data
c:\users\joaos\desktop\i\est\4ºano\2ºsemestre\atad\projetoatad\projetoatad_1819\projetoatad_1819\commands.c(442): warning C4244: 'initializing': conversion from 'double' to 'float', possible loss of data
c:\users\joaos\desktop\i\est\4ºano\2ºsemestre\atad\projetoatad\projetoatad_1819\projetoatad_1819\commands.c(443): warning C4244: 'initializing': conversion from 'double' to 'float', possible loss of data
c:\users\joaos\desktop\i\est\4ºano\2ºsemestre\atad\projetoatad\projetoatad_1819\projetoatad_1819\commands.c(444): warning C4244: 'initializing': conversion from 'double' to 'float', possible loss of data
c:\users\joaos\desktop\i\est\4ºano\2ºsemestre\atad\projetoatad\projetoatad_1819\projetoatad_1819\commands.c(446): warning C4244: 'initializing': conversion from 'double' to 'float', possible loss of data
c:\users\joaos\desktop\i\est\4ºano\2ºsemestre\atad\projetoatad\projetoatad_1819\projetoatad_1819\commands.c(447): warning C4244: 'initializing': conversion from 'double' to 'float', possible loss of data
c:\users\joaos\desktop\i\est\4ºano\2ºsemestre\atad\projetoatad\projetoatad_1819\projetoatad_1819\commands.c(448): warning C4244: 'initializing': conversion from 'double' to 'float', possible loss of data
c:\users\joaos\desktop\i\est\4ºano\2ºsemestre\atad\projetoatad\projetoatad_1819\projetoatad_1819\commands.c(460): warning C4244: 'initializing': conversion from 'double' to 'float', possible loss of data
c:\users\joaos\desktop\i\est\4ºano\2ºsemestre\atad\projetoatad\projetoatad_1819\projetoatad_1819\commands.c(535): warning C4013: 'copyListT' undefined; assuming extern returning int
c:\users\joaos\desktop\i\est\4ºano\2ºsemestre\atad\projetoatad\projetoatad_1819\projetoatad_1819\commands.c(538): warning C4013: 'normalizePatientTrain' undefined; assuming extern returning int
c:\users\joaos\desktop\i\est\4ºano\2ºsemestre\atad\projetoatad\projetoatad_1819\projetoatad_1819\commands.c(535): warning C4047: 'initializing': 'PtListT' differs in levels of indirection from 'int'
c:\users\joaos\desktop\i\est\4ºano\2ºsemestre\atad\projetoatad\projetoatad_1819\projetoatad_1819\commands.c(538): warning C4047: 'initializing': 'PtListT' differs in levels of indirection from 'int'
c:\users\joaos\desktop\i\est\4ºano\2ºsemestre\atad\projetoatad\projetoatad_1819\projetoatad_1819\commands.c(553): warning C4013: 'averageClinicalDataT' undefined; assuming extern returning int
c:\users\joaos\desktop\i\est\4ºano\2ºsemestre\atad\projetoatad\projetoatad_1819\projetoatad_1819\commands.c(553): warning C4047: 'initializing': 'PtListT' differs in levels of indirection from 'int'
  ProjetoATAD_1819.vcxproj -> C:\Users\joaos\Desktop\I\EST\4ºAno\2ºSemestre\ATAD\ProjetoATAD\ProjetoATAD_1819\Debug\ProjetoATAD_1819.exe
