c:\users\joaos\desktop\i\est\4ºano\2ºsemestre\atad\projetoatad\projetoatad_1819\projetoatad_1819\debug\vc141.pdb
c:\users\joaos\desktop\i\est\4ºano\2ºsemestre\atad\projetoatad\projetoatad_1819\projetoatad_1819\debug\vc141.idb
c:\users\joaos\desktop\i\est\4ºano\2ºsemestre\atad\projetoatad\projetoatad_1819\projetoatad_1819\debug\main.obj
c:\users\joaos\desktop\i\est\4ºano\2ºsemestre\atad\projetoatad\projetoatad_1819\projetoatad_1819\debug\date.obj
c:\users\joaos\desktop\i\est\4ºano\2ºsemestre\atad\projetoatad\projetoatad_1819\projetoatad_1819\debug\listelem.obj
c:\users\joaos\desktop\i\est\4ºano\2ºsemestre\atad\projetoatad\projetoatad_1819\projetoatad_1819\debug\list.obj
c:\users\joaos\desktop\i\est\4ºano\2ºsemestre\atad\projetoatad\projetoatad_1819\projetoatad_1819\debug\patient.obj
c:\users\joaos\desktop\i\est\4ºano\2ºsemestre\atad\projetoatad\projetoatad_1819\projetoatad_1819\debug\clinicaldata.obj
c:\users\joaos\desktop\i\est\4ºano\2ºsemestre\atad\projetoatad\projetoatad_1819\projetoatad_1819\debug\commands.obj
c:\users\joaos\desktop\i\est\4ºano\2ºsemestre\atad\projetoatad\projetoatad_1819\projetoatad_1819\debug\functions.obj
c:\users\joaos\desktop\i\est\4ºano\2ºsemestre\atad\projetoatad\projetoatad_1819\debug\projetoatad_1819.exe
c:\users\joaos\desktop\i\est\4ºano\2ºsemestre\atad\projetoatad\projetoatad_1819\debug\projetoatad_1819.ilk
c:\users\joaos\desktop\i\est\4ºano\2ºsemestre\atad\projetoatad\projetoatad_1819\debug\projetoatad_1819.pdb
c:\users\joaos\desktop\i\est\4ºano\2ºsemestre\atad\projetoatad\projetoatad_1819\projetoatad_1819\debug\commands.obj.enc
c:\users\joaos\desktop\i\est\4ºano\2ºsemestre\atad\projetoatad\projetoatad_1819\projetoatad_1819\debug\projetoatad_1819.tlog\cl.command.1.tlog
c:\users\joaos\desktop\i\est\4ºano\2ºsemestre\atad\projetoatad\projetoatad_1819\projetoatad_1819\debug\projetoatad_1819.tlog\cl.read.1.tlog
c:\users\joaos\desktop\i\est\4ºano\2ºsemestre\atad\projetoatad\projetoatad_1819\projetoatad_1819\debug\projetoatad_1819.tlog\cl.write.1.tlog
c:\users\joaos\desktop\i\est\4ºano\2ºsemestre\atad\projetoatad\projetoatad_1819\projetoatad_1819\debug\projetoatad_1819.tlog\link.command.1.tlog
c:\users\joaos\desktop\i\est\4ºano\2ºsemestre\atad\projetoatad\projetoatad_1819\projetoatad_1819\debug\projetoatad_1819.tlog\link.read.1.tlog
c:\users\joaos\desktop\i\est\4ºano\2ºsemestre\atad\projetoatad\projetoatad_1819\projetoatad_1819\debug\projetoatad_1819.tlog\link.write.1.tlog
